ISim log file
Running: C:\Users\tiago\OneDrive\Documentos\Universidade\LIC\SpaceInvader\VHDL\SerialReceiver_isim_beh.exe -intstyle ise -gui -tclbatch isim.cmd -wdb C:/Users/tiago/OneDrive/Documentos/Universidade/LIC/SpaceInvader/VHDL/SerialReceiver_isim_beh.wdb 
ISim P.20131013 (signature 0x7708f090)
WARNING: A WEBPACK license was found.
WARNING: Please use Xilinx License Configuration Manager to check out a full ISim license.
WARNING: ISim will run in Lite mode. Please refer to the ISim documentation for more information on the differences between the Lite and the Full version.
This is a Lite version of ISim.
Time resolution is 1 ps
# onerror resume
# wave add /
# run 1000 ns
Simulator is doing circuit initialization process.
Finished circuit initialization process.
# isim force add /serialreceiver/clk 1 -radix bin -value 0 -radix bin -time 5 ns -repeat 10 ns
# isim force add /serialreceiver/rst 1 -radix bin
# isim force add /serialreceiver/sdx 1 -radix bin
# isim force add /serialreceiver/sclk 1 -radix bin -value 0 -radix bin -time 50 ns -repeat 100 ns
# isim force add /serialreceiver/ss 1 -radix bin
# isim force add /serialreceiver/accept 0 -radix bin
# run 1.00us
# run 100ns
# isim force add /serialreceiver/rst 0 -radix bin
# isim force add /serialreceiver/ss 0 -radix bin
# run 100ns
# run 100ns
# run 100ns
# run 100ns
# run 100ns
# run 100ns
# run 100ns
# run 100ns
# run 100ns
# isim force add /serialreceiver/ss 1 -radix bin
# run 100ns
# run 100ns
# run 100ns
# isim force add /serialreceiver/ss 1 -radix bin
# run 100ns
# run 100ns
# run 100ns
# run 100ns
# run 100ns
# isim force add /serialreceiver/sclk 0 -radix bin
# isim force add /serialreceiver/ss 0 -radix bin
# run 100ns
# run 100ns
# isim force add /serialreceiver/sclk 1 -radix bin -value 0 -radix bin -time 50 ns -repeat 100 ns
# isim force add /serialreceiver/sclk 1 -radix bin -value 0 -radix bin -time 50 ns -repeat 100 ns
# isim force add /serialreceiver/ss 1 -radix bin
# run 100ns
# run 100ns
# run 100ns
# run 100ns
# run 100ns
# run 100ns
# run 100ns
# run 100ns
# isim force add /serialreceiver/accept 1 -radix bin
# run 100ns
# isim force add /serialreceiver/accept 0 -radix bin
# isim force add /serialreceiver/accept 0 -radix bin
# run 100ns
# isim force add /serialreceiver/sdx 0 -radix bin
# isim force add /serialreceiver/ss 0 -radix bin
# run 100ns
# run 100ns
# run 100ns
# run 100ns
# isim force add /serialreceiver/sdx 0 -radix bin
# isim force add /serialreceiver/sdx 0 -radix bin
# run 100ns
# isim force add /serialreceiver/sdx 1 -radix bin
# isim force add /serialreceiver/sdx 1 -radix bin
# run 100ns
# run 100ns
