Release 14.7 - xst P.20131013 (nt64)
Copyright (c) 1995-2013 Xilinx, Inc.  All rights reserved.
--> Parameter TMPDIR set to xst/projnav.tmp


Total REAL time to Xst completion: 0.00 secs
Total CPU time to Xst completion: 0.11 secs
 
--> Parameter xsthdpdir set to xst


Total REAL time to Xst completion: 0.00 secs
Total CPU time to Xst completion: 0.11 secs
 
--> Reading design: KeyBuffer.prj

TABLE OF CONTENTS
  1) Synthesis Options Summary
  2) HDL Parsing
  3) HDL Elaboration
  4) HDL Synthesis
       4.1) HDL Synthesis Report
  5) Advanced HDL Synthesis
       5.1) Advanced HDL Synthesis Report
  6) Low Level Synthesis
  7) Partition Report
  8) Design Summary
       8.1) Primitive and Black Box Usage
       8.2) Device utilization summary
       8.3) Partition Resource Summary
       8.4) Timing Report
            8.4.1) Clock Information
            8.4.2) Asynchronous Control Signals Information
            8.4.3) Timing Summary
            8.4.4) Timing Details
            8.4.5) Cross Clock Domains Report


=========================================================================
*                      Synthesis Options Summary                        *
=========================================================================
---- Source Parameters
Input File Name                    : "KeyBuffer.prj"
Ignore Synthesis Constraint File   : NO

---- Target Parameters
Output File Name                   : "KeyBuffer"
Output Format                      : NGC
Target Device                      : xc7a100t-3-csg324

---- Source Options
Top Module Name                    : KeyBuffer
Automatic FSM Extraction           : YES
FSM Encoding Algorithm             : Auto
Safe Implementation                : No
FSM Style                          : LUT
RAM Extraction                     : Yes
RAM Style                          : Auto
ROM Extraction                     : Yes
Shift Register Extraction          : YES
ROM Style                          : Auto
Resource Sharing                   : YES
Asynchronous To Synchronous        : NO
Shift Register Minimum Size        : 2
Use DSP Block                      : Auto
Automatic Register Balancing       : No

---- Target Options
LUT Combining                      : Auto
Reduce Control Sets                : Auto
Add IO Buffers                     : YES
Global Maximum Fanout              : 100000
Add Generic Clock Buffer(BUFG)     : 32
Register Duplication               : YES
Optimize Instantiated Primitives   : NO
Use Clock Enable                   : Auto
Use Synchronous Set                : Auto
Use Synchronous Reset              : Auto
Pack IO Registers into IOBs        : Auto
Equivalent register Removal        : YES

---- General Options
Optimization Goal                  : Speed
Optimization Effort                : 1
Power Reduction                    : NO
Keep Hierarchy                     : No
Netlist Hierarchy                  : As_Optimized
RTL Output                         : Yes
Global Optimization                : AllClockNets
Read Cores                         : YES
Write Timing Constraints           : NO
Cross Clock Analysis               : NO
Hierarchy Separator                : /
Bus Delimiter                      : <>
Case Specifier                     : Maintain
Slice Utilization Ratio            : 100
BRAM Utilization Ratio             : 100
DSP48 Utilization Ratio            : 100
Auto BRAM Packing                  : NO
Slice Utilization Ratio Delta      : 5

=========================================================================


=========================================================================
*                          HDL Parsing                                  *
=========================================================================
Parsing VHDL file "C:\Users\tiago\OneDrive\Documentos\Universidade\LIC\SpaceInvader\VHDL\Register_D.vhd" into library work
Parsing entity <Register_D>.
Parsing architecture <Behavioral> of entity <register_d>.
Parsing VHDL file "C:\Users\tiago\OneDrive\Documentos\Universidade\LIC\SpaceInvader\VHDL\KeyBufferControl.vhd" into library work
Parsing entity <KeyBufferControl>.
Parsing architecture <Behavioral> of entity <keybuffercontrol>.
Parsing VHDL file "C:\Users\tiago\OneDrive\Documentos\Universidade\LIC\SpaceInvader\VHDL\KeyBuffer.vhd" into library work
Parsing entity <KeyBuffer>.
Parsing architecture <Structural> of entity <keybuffer>.

=========================================================================
*                            HDL Elaboration                            *
=========================================================================

Elaborating entity <KeyBuffer> (architecture <Structural>) from library <work>.

Elaborating entity <Register_D> (architecture <Behavioral>) with generics from library <work>.

Elaborating entity <KeyBufferControl> (architecture <Behavioral>) from library <work>.
WARNING:HDLCompiler:92 - "C:\Users\tiago\OneDrive\Documentos\Universidade\LIC\SpaceInvader\VHDL\KeyBufferControl.vhd" Line 59: cs should be on the sensitivity list of the process
WARNING:HDLCompiler:92 - "C:\Users\tiago\OneDrive\Documentos\Universidade\LIC\SpaceInvader\VHDL\KeyBufferControl.vhd" Line 60: dav should be on the sensitivity list of the process
WARNING:HDLCompiler:92 - "C:\Users\tiago\OneDrive\Documentos\Universidade\LIC\SpaceInvader\VHDL\KeyBufferControl.vhd" Line 61: dav should be on the sensitivity list of the process
WARNING:HDLCompiler:92 - "C:\Users\tiago\OneDrive\Documentos\Universidade\LIC\SpaceInvader\VHDL\KeyBufferControl.vhd" Line 62: ack should be on the sensitivity list of the process
WARNING:HDLCompiler:92 - "C:\Users\tiago\OneDrive\Documentos\Universidade\LIC\SpaceInvader\VHDL\KeyBufferControl.vhd" Line 63: ack should be on the sensitivity list of the process

=========================================================================
*                           HDL Synthesis                               *
=========================================================================

Synthesizing Unit <KeyBuffer>.
    Related source file is "C:\Users\tiago\OneDrive\Documentos\Universidade\LIC\SpaceInvader\VHDL\KeyBuffer.vhd".
    Summary:
	no macro.
Unit <KeyBuffer> synthesized.

Synthesizing Unit <Register_D>.
    Related source file is "C:\Users\tiago\OneDrive\Documentos\Universidade\LIC\SpaceInvader\VHDL\Register_D.vhd".
        WIDTH = 4
    Found 4-bit register for signal <Q>.
    Summary:
	inferred   4 D-type flip-flop(s).
Unit <Register_D> synthesized.

Synthesizing Unit <KeyBufferControl>.
    Related source file is "C:\Users\tiago\OneDrive\Documentos\Universidade\LIC\SpaceInvader\VHDL\KeyBufferControl.vhd".
    Found 2-bit register for signal <CS>.
    Found finite state machine <FSM_0> for signal <CS>.
    -----------------------------------------------------------------------
    | States             | 4                                              |
    | Transitions        | 8                                              |
    | Inputs             | 2                                              |
    | Outputs            | 2                                              |
    | Clock              | CLK (rising_edge)                              |
    | Reset              | RST (positive)                                 |
    | Reset type         | asynchronous                                   |
    | Reset State        | state_idle                                     |
    | Power Up State     | state_idle                                     |
    | Encoding           | auto                                           |
    | Implementation     | LUT                                            |
    -----------------------------------------------------------------------
    Summary:
	inferred   1 Finite State Machine(s).
Unit <KeyBufferControl> synthesized.

=========================================================================
HDL Synthesis Report

Macro Statistics
# Registers                                            : 1
 4-bit register                                        : 1
# FSMs                                                 : 1

=========================================================================

=========================================================================
*                       Advanced HDL Synthesis                          *
=========================================================================


=========================================================================
Advanced HDL Synthesis Report

Macro Statistics
# Registers                                            : 4
 Flip-Flops                                            : 4
# FSMs                                                 : 1

=========================================================================

=========================================================================
*                         Low Level Synthesis                           *
=========================================================================
Analyzing FSM <MFsm> for best encoding.
Optimizing FSM <FSM_0> on signal <CS[1:2]> with user encoding.
---------------------------
 State         | Encoding
---------------------------
 state_idle    | 00
 state_dav_on  | 01
 state_dav_off | 10
 state_ack_on  | 11
---------------------------

Optimizing unit <KeyBuffer> ...

Mapping all equations...
Building and optimizing final netlist ...
Found area constraint ratio of 100 (+ 5) on block KeyBuffer, actual ratio is 0.

Final Macro Processing ...

=========================================================================
Final Register Report

Macro Statistics
# Registers                                            : 6
 Flip-Flops                                            : 6

=========================================================================

=========================================================================
*                           Partition Report                            *
=========================================================================

Partition Implementation Status
-------------------------------

  No Partitions were found in this design.

-------------------------------

=========================================================================
*                            Design Summary                             *
=========================================================================

Top Level Output File Name         : KeyBuffer.ngc

Primitive and Black Box Usage:
------------------------------
# BELS                             : 4
#      LUT2                        : 2
#      LUT3                        : 1
#      LUT4                        : 1
# FlipFlops/Latches                : 6
#      FDC                         : 6
# Clock Buffers                    : 1
#      BUFGP                       : 1
# IO Buffers                       : 13
#      IBUF                        : 7
#      OBUF                        : 6

Device utilization summary:
---------------------------

Selected Device : 7a100tcsg324-3 


Slice Logic Utilization: 
 Number of Slice Registers:               2  out of  126800     0%  
 Number of Slice LUTs:                    4  out of  63400     0%  
    Number used as Logic:                 4  out of  63400     0%  

Slice Logic Distribution: 
 Number of LUT Flip Flop pairs used:      6
   Number with an unused Flip Flop:       4  out of      6    66%  
   Number with an unused LUT:             2  out of      6    33%  
   Number of fully used LUT-FF pairs:     0  out of      6     0%  
   Number of unique control sets:         2

IO Utilization: 
 Number of IOs:                          14
 Number of bonded IOBs:                  14  out of    210     6%  
    IOB Flip Flops/Latches:               4

Specific Feature Utilization:
 Number of BUFG/BUFGCTRLs:                1  out of     32     3%  

---------------------------
Partition Resource Summary:
---------------------------

  No Partitions were found in this design.

---------------------------


=========================================================================
Timing Report

NOTE: THESE TIMING NUMBERS ARE ONLY A SYNTHESIS ESTIMATE.
      FOR ACCURATE TIMING INFORMATION PLEASE REFER TO THE TRACE REPORT
      GENERATED AFTER PLACE-and-ROUTE.

Clock Information:
------------------
-----------------------------------+----------------------------+-------+
Clock Signal                       | Clock buffer(FF name)      | Load  |
-----------------------------------+----------------------------+-------+
DAC_OBUF(KeyBufferCtrl/CS_DAC1:O)  | NONE(*)(OutputRegister/Q_3)| 4     |
CLK                                | BUFGP                      | 2     |
-----------------------------------+----------------------------+-------+
(*) This 1 clock signal(s) are generated by combinatorial logic,
and XST is not able to identify which are the primary clock signals.
Please use the CLOCK_SIGNAL constraint to specify the clock signal(s) generated by combinatorial logic.
INFO:Xst:2169 - HDL ADVISOR - Some clock signals were not automatically buffered by XST with BUFG/BUFR resources. Please use the buffer_type constraint in order to insert these buffers to the clock signals to help prevent skew problems.

Asynchronous Control Signals Information:
----------------------------------------
No asynchronous control signals found in this design

Timing Summary:
---------------
Speed Grade: -3

   Minimum period: 0.855ns (Maximum Frequency: 1169.454MHz)
   Minimum input arrival time before clock: 0.667ns
   Maximum output required time after clock: 1.145ns
   Maximum combinational path delay: No path found

Timing Details:
---------------
All values displayed in nanoseconds (ns)

=========================================================================
Timing constraint: Default period analysis for Clock 'CLK'
  Clock period: 0.855ns (frequency: 1169.454MHz)
  Total number of paths / destination ports: 3 / 2
-------------------------------------------------------------------------
Delay:               0.855ns (Levels of Logic = 1)
  Source:            KeyBufferCtrl/CS_FSM_FFd2 (FF)
  Destination:       KeyBufferCtrl/CS_FSM_FFd1 (FF)
  Source Clock:      CLK rising
  Destination Clock: CLK rising

  Data Path: KeyBufferCtrl/CS_FSM_FFd2 to KeyBufferCtrl/CS_FSM_FFd1
                                Gate     Net
    Cell:in->out      fanout   Delay   Delay  Logical Name (Net Name)
    ----------------------------------------  ------------
     FDC:C->Q              3   0.361   0.389  KeyBufferCtrl/CS_FSM_FFd2 (KeyBufferCtrl/CS_FSM_FFd2)
     LUT4:I2->O            1   0.097   0.000  KeyBufferCtrl/CS_FSM_FFd1-In1 (KeyBufferCtrl/CS_FSM_FFd1-In)
     FDC:D                     0.008          KeyBufferCtrl/CS_FSM_FFd1
    ----------------------------------------
    Total                      0.855ns (0.466ns logic, 0.389ns route)
                                       (54.5% logic, 45.5% route)

=========================================================================
Timing constraint: Default OFFSET IN BEFORE for Clock 'DAC_OBUF'
  Total number of paths / destination ports: 8 / 8
-------------------------------------------------------------------------
Offset:              0.652ns (Levels of Logic = 1)
  Source:            RST (PAD)
  Destination:       OutputRegister/Q_3 (FF)
  Destination Clock: DAC_OBUF rising

  Data Path: RST to OutputRegister/Q_3
                                Gate     Net
    Cell:in->out      fanout   Delay   Delay  Logical Name (Net Name)
    ----------------------------------------  ------------
     IBUF:I->O             6   0.001   0.302  RST_IBUF (RST_IBUF)
     FDC:CLR                   0.349          OutputRegister/Q_0
    ----------------------------------------
    Total                      0.652ns (0.350ns logic, 0.302ns route)
                                       (53.6% logic, 46.4% route)

=========================================================================
Timing constraint: Default OFFSET IN BEFORE for Clock 'CLK'
  Total number of paths / destination ports: 6 / 4
-------------------------------------------------------------------------
Offset:              0.667ns (Levels of Logic = 2)
  Source:            DAV (PAD)
  Destination:       KeyBufferCtrl/CS_FSM_FFd1 (FF)
  Destination Clock: CLK rising

  Data Path: DAV to KeyBufferCtrl/CS_FSM_FFd1
                                Gate     Net
    Cell:in->out      fanout   Delay   Delay  Logical Name (Net Name)
    ----------------------------------------  ------------
     IBUF:I->O             2   0.001   0.561  DAV_IBUF (DAV_IBUF)
     LUT4:I0->O            1   0.097   0.000  KeyBufferCtrl/CS_FSM_FFd1-In1 (KeyBufferCtrl/CS_FSM_FFd1-In)
     FDC:D                     0.008          KeyBufferCtrl/CS_FSM_FFd1
    ----------------------------------------
    Total                      0.667ns (0.106ns logic, 0.561ns route)
                                       (15.9% logic, 84.1% route)

=========================================================================
Timing constraint: Default OFFSET OUT AFTER for Clock 'DAC_OBUF'
  Total number of paths / destination ports: 4 / 4
-------------------------------------------------------------------------
Offset:              0.640ns (Levels of Logic = 1)
  Source:            OutputRegister/Q_3 (FF)
  Destination:       Q<3> (PAD)
  Source Clock:      DAC_OBUF rising

  Data Path: OutputRegister/Q_3 to Q<3>
                                Gate     Net
    Cell:in->out      fanout   Delay   Delay  Logical Name (Net Name)
    ----------------------------------------  ------------
     FDC:C->Q              1   0.361   0.279  OutputRegister/Q_3 (OutputRegister/Q_3)
     OBUF:I->O                 0.000          Q_3_OBUF (Q<3>)
    ----------------------------------------
    Total                      0.640ns (0.361ns logic, 0.279ns route)
                                       (56.4% logic, 43.6% route)

=========================================================================
Timing constraint: Default OFFSET OUT AFTER for Clock 'CLK'
  Total number of paths / destination ports: 4 / 2
-------------------------------------------------------------------------
Offset:              1.145ns (Levels of Logic = 2)
  Source:            KeyBufferCtrl/CS_FSM_FFd2 (FF)
  Destination:       DAC (PAD)
  Source Clock:      CLK rising

  Data Path: KeyBufferCtrl/CS_FSM_FFd2 to DAC
                                Gate     Net
    Cell:in->out      fanout   Delay   Delay  Logical Name (Net Name)
    ----------------------------------------  ------------
     FDC:C->Q              3   0.361   0.389  KeyBufferCtrl/CS_FSM_FFd2 (KeyBufferCtrl/CS_FSM_FFd2)
     LUT2:I0->O            5   0.097   0.298  KeyBufferCtrl/CS_DAC1 (DAC_OBUF)
     OBUF:I->O                 0.000          DAC_OBUF (DAC)
    ----------------------------------------
    Total                      1.145ns (0.458ns logic, 0.687ns route)
                                       (40.0% logic, 60.0% route)

=========================================================================

Cross Clock Domains Report:
--------------------------

Clock to Setup on destination clock CLK
---------------+---------+---------+---------+---------+
               | Src:Rise| Src:Fall| Src:Rise| Src:Fall|
Source Clock   |Dest:Rise|Dest:Rise|Dest:Fall|Dest:Fall|
---------------+---------+---------+---------+---------+
CLK            |    0.855|         |         |         |
---------------+---------+---------+---------+---------+

=========================================================================


Total REAL time to Xst completion: 11.00 secs
Total CPU time to Xst completion: 11.00 secs
 
--> 

Total memory usage is 4624728 kilobytes

Number of errors   :    0 (   0 filtered)
Number of warnings :    5 (   0 filtered)
Number of infos    :    1 (   0 filtered)

