--------------------------------------------------------------------------------
Release 14.7 Trace  (nt64)
Copyright (c) 1995-2013 Xilinx, Inc.  All rights reserved.

C:\Xilinx\14.7\ISE_DS\ISE\bin\nt64\unwrapped\trce.exe -intstyle ise -v 3 -s 3
-n 3 -fastpaths -xml KeyDecoder.twx KeyDecoder.ncd -o KeyDecoder.twr
KeyDecoder.pcf

Design file:              KeyDecoder.ncd
Physical constraint file: KeyDecoder.pcf
Device,package,speed:     xc7a100t,csg324,C,-3 (PRODUCTION 1.10 2013-10-13)
Report level:             verbose report

Environment Variable      Effect 
--------------------      ------ 
NONE                      No environment variables were set
--------------------------------------------------------------------------------

INFO:Timing:2698 - No timing constraints found, doing default enumeration.
INFO:Timing:3412 - To improve timing, see the Timing Closure User Guide (UG612).
INFO:Timing:2752 - To get complete path coverage, use the unconstrained paths 
   option. All paths that are not constrained will be reported in the 
   unconstrained paths section(s) of the report.
INFO:Timing:3339 - The clock-to-out numbers in this timing report are based on 
   a 50 Ohm transmission line loading model.  For the details of this model, 
   and for more information on accounting for different loading conditions, 
   please see the device datasheet.



Data Sheet report:
-----------------
All values displayed in nanoseconds (ns)

Setup/Hold to clock CLK
------------+------------+------------+------------+------------+------------------+--------+
            |Max Setup to|  Process   |Max Hold to |  Process   |                  | Clock  |
Source      | clk (edge) |   Corner   | clk (edge) |   Corner   |Internal Clock(s) | Phase  |
------------+------------+------------+------------+------------+------------------+--------+
KAck        |   -0.335(R)|      FAST  |    2.187(R)|      SLOW  |CLK_BUFGP         |   0.000|
PENC_IN<0>  |   -0.059(R)|      FAST  |    1.842(R)|      SLOW  |CLK_BUFGP         |   0.000|
PENC_IN<1>  |    0.025(R)|      FAST  |    1.708(R)|      SLOW  |CLK_BUFGP         |   0.000|
PENC_IN<2>  |   -0.085(R)|      FAST  |    1.891(R)|      SLOW  |CLK_BUFGP         |   0.000|
PENC_IN<3>  |    0.037(R)|      FAST  |    1.690(R)|      SLOW  |CLK_BUFGP         |   0.000|
RST         |   -0.244(R)|      FAST  |    2.112(R)|      SLOW  |CLK_BUFGP         |   0.000|
------------+------------+------------+------------+------------+------------------+--------+

Clock CLK to Pad
------------+-----------------+------------+-----------------+------------+------------------+--------+
            |Max (slowest) clk|  Process   |Min (fastest) clk|  Process   |                  | Clock  |
Destination |  (edge) to PAD  |   Corner   |  (edge) to PAD  |   Corner   |Internal Clock(s) | Phase  |
------------+-----------------+------------+-----------------+------------+------------------+--------+
K<2>        |         7.559(R)|      SLOW  |         3.123(R)|      FAST  |CLK_BUFGP         |   0.000|
K<3>        |         7.566(R)|      SLOW  |         3.113(R)|      FAST  |CLK_BUFGP         |   0.000|
KVal        |         8.190(R)|      SLOW  |         3.396(R)|      FAST  |CLK_BUFGP         |   0.000|
------------+-----------------+------------+-----------------+------------+------------------+--------+

Clock to Setup on destination clock CLK
---------------+---------+---------+---------+---------+
               | Src:Rise| Src:Fall| Src:Rise| Src:Fall|
Source Clock   |Dest:Rise|Dest:Rise|Dest:Fall|Dest:Fall|
---------------+---------+---------+---------+---------+
CLK            |    0.879|         |         |         |
---------------+---------+---------+---------+---------+


Analysis completed Wed May 20 19:29:04 2020 
--------------------------------------------------------------------------------

Trace Settings:
-------------------------
Trace Settings 

Peak Memory Usage: 5003 MB



