Release 14.7 - xst P.20131013 (nt64)
Copyright (c) 1995-2013 Xilinx, Inc.  All rights reserved.
--> Parameter TMPDIR set to xst/projnav.tmp


Total REAL time to Xst completion: 0.00 secs
Total CPU time to Xst completion: 0.11 secs
 
--> Parameter xsthdpdir set to xst


Total REAL time to Xst completion: 0.00 secs
Total CPU time to Xst completion: 0.11 secs
 
--> Reading design: SLCDC.prj

TABLE OF CONTENTS
  1) Synthesis Options Summary
  2) HDL Parsing
  3) HDL Elaboration
  4) HDL Synthesis
       4.1) HDL Synthesis Report
  5) Advanced HDL Synthesis
       5.1) Advanced HDL Synthesis Report
  6) Low Level Synthesis
  7) Partition Report
  8) Design Summary
       8.1) Primitive and Black Box Usage
       8.2) Device utilization summary
       8.3) Partition Resource Summary
       8.4) Timing Report
            8.4.1) Clock Information
            8.4.2) Asynchronous Control Signals Information
            8.4.3) Timing Summary
            8.4.4) Timing Details
            8.4.5) Cross Clock Domains Report


=========================================================================
*                      Synthesis Options Summary                        *
=========================================================================
---- Source Parameters
Input File Name                    : "SLCDC.prj"
Ignore Synthesis Constraint File   : NO

---- Target Parameters
Output File Name                   : "SLCDC"
Output Format                      : NGC
Target Device                      : xc7a100t-3-csg324

---- Source Options
Top Module Name                    : SLCDC
Automatic FSM Extraction           : YES
FSM Encoding Algorithm             : Auto
Safe Implementation                : No
FSM Style                          : LUT
RAM Extraction                     : Yes
RAM Style                          : Auto
ROM Extraction                     : Yes
Shift Register Extraction          : YES
ROM Style                          : Auto
Resource Sharing                   : YES
Asynchronous To Synchronous        : NO
Shift Register Minimum Size        : 2
Use DSP Block                      : Auto
Automatic Register Balancing       : No

---- Target Options
LUT Combining                      : Auto
Reduce Control Sets                : Auto
Add IO Buffers                     : YES
Global Maximum Fanout              : 100000
Add Generic Clock Buffer(BUFG)     : 32
Register Duplication               : YES
Optimize Instantiated Primitives   : NO
Use Clock Enable                   : Auto
Use Synchronous Set                : Auto
Use Synchronous Reset              : Auto
Pack IO Registers into IOBs        : Auto
Equivalent register Removal        : YES

---- General Options
Optimization Goal                  : Speed
Optimization Effort                : 1
Power Reduction                    : NO
Keep Hierarchy                     : No
Netlist Hierarchy                  : As_Optimized
RTL Output                         : Yes
Global Optimization                : AllClockNets
Read Cores                         : YES
Write Timing Constraints           : NO
Cross Clock Analysis               : NO
Hierarchy Separator                : /
Bus Delimiter                      : <>
Case Specifier                     : Maintain
Slice Utilization Ratio            : 100
BRAM Utilization Ratio             : 100
DSP48 Utilization Ratio            : 100
Auto BRAM Packing                  : NO
Slice Utilization Ratio Delta      : 5

=========================================================================


=========================================================================
*                          HDL Parsing                                  *
=========================================================================
Parsing VHDL file "C:\Users\tiago\OneDrive\Documentos\Universidade\LIC\SpaceInvader\VHDL\Register_T.vhd" into library work
Parsing entity <Register_T>.
INFO:HDLCompiler:1676 - "C:\Users\tiago\OneDrive\Documentos\Universidade\LIC\SpaceInvader\VHDL\Register_T.vhd" Line 40. declaration of a buffer port will make it difficult for you to validate this design by simulation. It is preferable to declare it as output
Parsing architecture <Behavioral> of entity <register_t>.
Parsing VHDL file "C:\Users\tiago\OneDrive\Documentos\Universidade\LIC\SpaceInvader\VHDL\Register_D.vhd" into library work
Parsing entity <Register_D>.
Parsing architecture <Behavioral> of entity <register_d>.
Parsing VHDL file "C:\Users\tiago\OneDrive\Documentos\Universidade\LIC\SpaceInvader\VHDL\ShiftRegister.vhd" into library work
Parsing entity <ShiftRegister>.
Parsing architecture <Behavioral> of entity <shiftregister>.
Parsing VHDL file "C:\Users\tiago\OneDrive\Documentos\Universidade\LIC\SpaceInvader\VHDL\SerialControl.vhd" into library work
Parsing entity <SerialControl>.
Parsing architecture <Structural> of entity <serialcontrol>.
Parsing VHDL file "C:\Users\tiago\OneDrive\Documentos\Universidade\LIC\SpaceInvader\VHDL\ParityCheck.vhd" into library work
Parsing entity <ParityCheck>.
Parsing architecture <Behavioral> of entity <paritycheck>.
WARNING:HDLCompiler:946 - "C:\Users\tiago\OneDrive\Documentos\Universidade\LIC\SpaceInvader\VHDL\ParityCheck.vhd" Line 63: Actual for formal port d is neither a static name nor a globally static expression
Parsing VHDL file "C:\Users\tiago\OneDrive\Documentos\Universidade\LIC\SpaceInvader\VHDL\Counter3bit.vhd" into library work
Parsing entity <Counter3bit>.
Parsing architecture <Structural> of entity <counter3bit>.
INFO:HDLCompiler:1676 - "C:\Users\tiago\OneDrive\Documentos\Universidade\LIC\SpaceInvader\VHDL\Counter3bit.vhd" Line 48. declaration of a buffer port will make it difficult for you to validate this design by simulation. It is preferable to declare it as output
WARNING:HDLCompiler:946 - "C:\Users\tiago\OneDrive\Documentos\Universidade\LIC\SpaceInvader\VHDL\Counter3bit.vhd" Line 70: Actual for formal port t is neither a static name nor a globally static expression
WARNING:HDLCompiler:946 - "C:\Users\tiago\OneDrive\Documentos\Universidade\LIC\SpaceInvader\VHDL\Counter3bit.vhd" Line 80: Actual for formal port t is neither a static name nor a globally static expression
Parsing VHDL file "C:\Users\tiago\OneDrive\Documentos\Universidade\LIC\SpaceInvader\VHDL\SerialReceiver.vhd" into library work
Parsing entity <SerialReceiver>.
Parsing architecture <Structural> of entity <serialreceiver>.
Parsing VHDL file "C:\Users\tiago\OneDrive\Documentos\Universidade\LIC\SpaceInvader\VHDL\SLCDC.vhd" into library work
Parsing entity <SLCDC>.
Parsing architecture <Structural> of entity <slcdc>.
ERROR:HDLCompiler:288 - "C:\Users\tiago\OneDrive\Documentos\Universidade\LIC\SpaceInvader\VHDL\SLCDC.vhd" Line 63: Cannot read from 'out' object wrl ; use 'buffer' or 'inout'
WARNING:HDLCompiler:439 - "C:\Users\tiago\OneDrive\Documentos\Universidade\LIC\SpaceInvader\VHDL\SLCDC.vhd" Line 63: Formal port accept of mode in cannot be associated with actual port wrl of mode out
ERROR:HDLCompiler:101 - "C:\Users\tiago\OneDrive\Documentos\Universidade\LIC\SpaceInvader\VHDL\SLCDC.vhd" Line 63: wrl with mode 'out' cannot be read
ERROR:HDLCompiler:854 - "C:\Users\tiago\OneDrive\Documentos\Universidade\LIC\SpaceInvader\VHDL\SLCDC.vhd" Line 43: Unit <structural> ignored due to previous errors.
VHDL file C:\Users\tiago\OneDrive\Documentos\Universidade\LIC\SpaceInvader\VHDL\SLCDC.vhd ignored due to errors
--> 

Total memory usage is 4506180 kilobytes

Number of errors   :    3 (   0 filtered)
Number of warnings :    4 (   0 filtered)
Number of infos    :    0 (   0 filtered)

