Release 14.7 - xst P.20131013 (nt64)
Copyright (c) 1995-2013 Xilinx, Inc.  All rights reserved.
--> Parameter TMPDIR set to xst/projnav.tmp


Total REAL time to Xst completion: 0.00 secs
Total CPU time to Xst completion: 0.11 secs
 
--> Parameter xsthdpdir set to xst


Total REAL time to Xst completion: 0.00 secs
Total CPU time to Xst completion: 0.11 secs
 
--> Reading design: SSC.prj

TABLE OF CONTENTS
  1) Synthesis Options Summary
  2) HDL Parsing
  3) HDL Elaboration
  4) HDL Synthesis
       4.1) HDL Synthesis Report
  5) Advanced HDL Synthesis
       5.1) Advanced HDL Synthesis Report
  6) Low Level Synthesis
  7) Partition Report
  8) Design Summary
       8.1) Primitive and Black Box Usage
       8.2) Device utilization summary
       8.3) Partition Resource Summary
       8.4) Timing Report
            8.4.1) Clock Information
            8.4.2) Asynchronous Control Signals Information
            8.4.3) Timing Summary
            8.4.4) Timing Details
            8.4.5) Cross Clock Domains Report


=========================================================================
*                      Synthesis Options Summary                        *
=========================================================================
---- Source Parameters
Input File Name                    : "SSC.prj"
Ignore Synthesis Constraint File   : NO

---- Target Parameters
Output File Name                   : "SSC"
Output Format                      : NGC
Target Device                      : xc7a100t-3-csg324

---- Source Options
Top Module Name                    : SSC
Automatic FSM Extraction           : YES
FSM Encoding Algorithm             : Auto
Safe Implementation                : No
FSM Style                          : LUT
RAM Extraction                     : Yes
RAM Style                          : Auto
ROM Extraction                     : Yes
Shift Register Extraction          : YES
ROM Style                          : Auto
Resource Sharing                   : YES
Asynchronous To Synchronous        : NO
Shift Register Minimum Size        : 2
Use DSP Block                      : Auto
Automatic Register Balancing       : No

---- Target Options
LUT Combining                      : Auto
Reduce Control Sets                : Auto
Add IO Buffers                     : YES
Global Maximum Fanout              : 100000
Add Generic Clock Buffer(BUFG)     : 32
Register Duplication               : YES
Optimize Instantiated Primitives   : NO
Use Clock Enable                   : Auto
Use Synchronous Set                : Auto
Use Synchronous Reset              : Auto
Pack IO Registers into IOBs        : Auto
Equivalent register Removal        : YES

---- General Options
Optimization Goal                  : Speed
Optimization Effort                : 1
Power Reduction                    : NO
Keep Hierarchy                     : No
Netlist Hierarchy                  : As_Optimized
RTL Output                         : Yes
Global Optimization                : AllClockNets
Read Cores                         : YES
Write Timing Constraints           : NO
Cross Clock Analysis               : NO
Hierarchy Separator                : /
Bus Delimiter                      : <>
Case Specifier                     : Maintain
Slice Utilization Ratio            : 100
BRAM Utilization Ratio             : 100
DSP48 Utilization Ratio            : 100
Auto BRAM Packing                  : NO
Slice Utilization Ratio Delta      : 5

=========================================================================


=========================================================================
*                          HDL Parsing                                  *
=========================================================================
Parsing VHDL file "C:\Users\tiago\OneDrive\Documentos\Universidade\LIC\SpaceInvader\VHDL\Register_T.vhd" into library work
Parsing entity <Register_T>.
INFO:HDLCompiler:1676 - "C:\Users\tiago\OneDrive\Documentos\Universidade\LIC\SpaceInvader\VHDL\Register_T.vhd" Line 40. declaration of a buffer port will make it difficult for you to validate this design by simulation. It is preferable to declare it as output
Parsing architecture <Behavioral> of entity <register_t>.
Parsing VHDL file "C:\Users\tiago\OneDrive\Documentos\Universidade\LIC\SpaceInvader\VHDL\Register_D.vhd" into library work
Parsing entity <Register_D>.
Parsing architecture <Behavioral> of entity <register_d>.
Parsing VHDL file "C:\Users\tiago\OneDrive\Documentos\Universidade\LIC\SpaceInvader\VHDL\SoundCtrl.vhd" into library work
Parsing entity <SoundCtrl>.
Parsing architecture <Behavioral> of entity <soundctrl>.
Parsing VHDL file "C:\Users\tiago\OneDrive\Documentos\Universidade\LIC\SpaceInvader\VHDL\SoundCMDDecoder.vhd" into library work
Parsing entity <SoundCMDDecoder>.
Parsing architecture <Behavioral> of entity <soundcmddecoder>.
Parsing VHDL file "C:\Users\tiago\OneDrive\Documentos\Universidade\LIC\SpaceInvader\VHDL\ShiftRegister.vhd" into library work
Parsing entity <ShiftRegister>.
Parsing architecture <Behavioral> of entity <shiftregister>.
Parsing VHDL file "C:\Users\tiago\OneDrive\Documentos\Universidade\LIC\SpaceInvader\VHDL\SerialControl.vhd" into library work
Parsing entity <SerialControl>.
Parsing architecture <Structural> of entity <serialcontrol>.
Parsing VHDL file "C:\Users\tiago\OneDrive\Documentos\Universidade\LIC\SpaceInvader\VHDL\ParityCheck.vhd" into library work
Parsing entity <ParityCheck>.
Parsing architecture <Behavioral> of entity <paritycheck>.
WARNING:HDLCompiler:946 - "C:\Users\tiago\OneDrive\Documentos\Universidade\LIC\SpaceInvader\VHDL\ParityCheck.vhd" Line 63: Actual for formal port d is neither a static name nor a globally static expression
Parsing VHDL file "C:\Users\tiago\OneDrive\Documentos\Universidade\LIC\SpaceInvader\VHDL\Counter3bit.vhd" into library work
Parsing entity <Counter3bit>.
Parsing architecture <Structural> of entity <counter3bit>.
INFO:HDLCompiler:1676 - "C:\Users\tiago\OneDrive\Documentos\Universidade\LIC\SpaceInvader\VHDL\Counter3bit.vhd" Line 48. declaration of a buffer port will make it difficult for you to validate this design by simulation. It is preferable to declare it as output
WARNING:HDLCompiler:946 - "C:\Users\tiago\OneDrive\Documentos\Universidade\LIC\SpaceInvader\VHDL\Counter3bit.vhd" Line 70: Actual for formal port t is neither a static name nor a globally static expression
WARNING:HDLCompiler:946 - "C:\Users\tiago\OneDrive\Documentos\Universidade\LIC\SpaceInvader\VHDL\Counter3bit.vhd" Line 80: Actual for formal port t is neither a static name nor a globally static expression
Parsing VHDL file "C:\Users\tiago\OneDrive\Documentos\Universidade\LIC\SpaceInvader\VHDL\SoundController.vhd" into library work
Parsing entity <SoundController>.
Parsing architecture <Structural> of entity <soundcontroller>.
Parsing VHDL file "C:\Users\tiago\OneDrive\Documentos\Universidade\LIC\SpaceInvader\VHDL\SerialReceiverSound.vhd" into library work
Parsing entity <SerialReceiverSound>.
Parsing architecture <Structural> of entity <serialreceiversound>.
Parsing VHDL file "C:\Users\tiago\OneDrive\Documentos\Universidade\LIC\SpaceInvader\VHDL\SSC.vhd" into library work
Parsing entity <SSC>.
Parsing architecture <Structural> of entity <ssc>.

=========================================================================
*                            HDL Elaboration                            *
=========================================================================

Elaborating entity <SSC> (architecture <Structural>) from library <work>.

Elaborating entity <SerialReceiverSound> (architecture <Structural>) from library <work>.

Elaborating entity <SerialControl> (architecture <Structural>) from library <work>.

Elaborating entity <ParityCheck> (architecture <Behavioral>) with generics from library <work>.

Elaborating entity <Register_D> (architecture <Behavioral>) with generics from library <work>.

Elaborating entity <Counter3bit> (architecture <Structural>) from library <work>.

Elaborating entity <Register_T> (architecture <Behavioral>) with generics from library <work>.

Elaborating entity <ShiftRegister> (architecture <Behavioral>) with generics from library <work>.

Elaborating entity <SoundController> (architecture <Structural>) from library <work>.

Elaborating entity <SoundCMDDecoder> (architecture <Behavioral>) from library <work>.

Elaborating entity <SoundCtrl> (architecture <Behavioral>) from library <work>.

Elaborating entity <Register_D> (architecture <Behavioral>) with generics from library <work>.

=========================================================================
*                           HDL Synthesis                               *
=========================================================================

Synthesizing Unit <SSC>.
    Related source file is "C:\Users\tiago\OneDrive\Documentos\Universidade\LIC\SpaceInvader\VHDL\SSC.vhd".
    Summary:
	no macro.
Unit <SSC> synthesized.

Synthesizing Unit <SerialReceiverSound>.
    Related source file is "C:\Users\tiago\OneDrive\Documentos\Universidade\LIC\SpaceInvader\VHDL\SerialReceiverSound.vhd".
    Summary:
	no macro.
Unit <SerialReceiverSound> synthesized.

Synthesizing Unit <SerialControl>.
    Related source file is "C:\Users\tiago\OneDrive\Documentos\Universidade\LIC\SpaceInvader\VHDL\SerialControl.vhd".
    Found 3-bit register for signal <CS>.
    Found finite state machine <FSM_0> for signal <CS>.
    -----------------------------------------------------------------------
    | States             | 5                                              |
    | Transitions        | 13                                             |
    | Inputs             | 5                                              |
    | Outputs            | 3                                              |
    | Clock              | CLK (rising_edge)                              |
    | Reset              | RST (positive)                                 |
    | Reset type         | asynchronous                                   |
    | Reset State        | state_idle                                     |
    | Power Up State     | state_idle                                     |
    | Encoding           | auto                                           |
    | Implementation     | LUT                                            |
    -----------------------------------------------------------------------
    Summary:
	inferred   1 Finite State Machine(s).
Unit <SerialControl> synthesized.

Synthesizing Unit <ParityCheck>.
    Related source file is "C:\Users\tiago\OneDrive\Documentos\Universidade\LIC\SpaceInvader\VHDL\ParityCheck.vhd".
        WIDTH = 1
    Summary:
Unit <ParityCheck> synthesized.

Synthesizing Unit <Register_D_1>.
    Related source file is "C:\Users\tiago\OneDrive\Documentos\Universidade\LIC\SpaceInvader\VHDL\Register_D.vhd".
        WIDTH = 1
    Found 1-bit register for signal <Q>.
    Summary:
	inferred   1 D-type flip-flop(s).
Unit <Register_D_1> synthesized.

Synthesizing Unit <Counter3bit>.
    Related source file is "C:\Users\tiago\OneDrive\Documentos\Universidade\LIC\SpaceInvader\VHDL\Counter3bit.vhd".
    Summary:
	no macro.
Unit <Counter3bit> synthesized.

Synthesizing Unit <Register_T>.
    Related source file is "C:\Users\tiago\OneDrive\Documentos\Universidade\LIC\SpaceInvader\VHDL\Register_T.vhd".
        WIDTH = 1
    Found 1-bit register for signal <Q>.
    Summary:
	inferred   1 D-type flip-flop(s).
Unit <Register_T> synthesized.

Synthesizing Unit <ShiftRegister>.
    Related source file is "C:\Users\tiago\OneDrive\Documentos\Universidade\LIC\SpaceInvader\VHDL\ShiftRegister.vhd".
        WIDTH = 4
    Found 4-bit register for signal <IQ>.
    Summary:
	inferred   4 D-type flip-flop(s).
Unit <ShiftRegister> synthesized.

Synthesizing Unit <SoundController>.
    Related source file is "C:\Users\tiago\OneDrive\Documentos\Universidade\LIC\SpaceInvader\VHDL\SoundController.vhd".
    Summary:
	no macro.
Unit <SoundController> synthesized.

Synthesizing Unit <SoundCMDDecoder>.
    Related source file is "C:\Users\tiago\OneDrive\Documentos\Universidade\LIC\SpaceInvader\VHDL\SoundCMDDecoder.vhd".
    Summary:
	no macro.
Unit <SoundCMDDecoder> synthesized.

Synthesizing Unit <SoundCtrl>.
    Related source file is "C:\Users\tiago\OneDrive\Documentos\Universidade\LIC\SpaceInvader\VHDL\SoundCtrl.vhd".
    Found 2-bit register for signal <CS>.
    Found finite state machine <FSM_1> for signal <CS>.
    -----------------------------------------------------------------------
    | States             | 3                                              |
    | Transitions        | 5                                              |
    | Inputs             | 1                                              |
    | Outputs            | 2                                              |
    | Clock              | CLK (rising_edge)                              |
    | Reset              | RST (positive)                                 |
    | Reset type         | asynchronous                                   |
    | Reset State        | state_idle                                     |
    | Power Up State     | state_idle                                     |
    | Encoding           | auto                                           |
    | Implementation     | LUT                                            |
    -----------------------------------------------------------------------
    Summary:
	inferred   1 Finite State Machine(s).
Unit <SoundCtrl> synthesized.

Synthesizing Unit <Register_D_2>.
    Related source file is "C:\Users\tiago\OneDrive\Documentos\Universidade\LIC\SpaceInvader\VHDL\Register_D.vhd".
        WIDTH = 2
    Found 2-bit register for signal <Q>.
    Summary:
	inferred   2 D-type flip-flop(s).
Unit <Register_D_2> synthesized.

=========================================================================
HDL Synthesis Report

Macro Statistics
# Registers                                            : 8
 1-bit register                                        : 5
 2-bit register                                        : 2
 4-bit register                                        : 1
# FSMs                                                 : 2
# Xors                                                 : 4
 1-bit xor2                                            : 4

=========================================================================

=========================================================================
*                       Advanced HDL Synthesis                          *
=========================================================================


=========================================================================
Advanced HDL Synthesis Report

Macro Statistics
# Registers                                            : 13
 Flip-Flops                                            : 13
# FSMs                                                 : 2
# Xors                                                 : 4
 1-bit xor2                                            : 4

=========================================================================

=========================================================================
*                         Low Level Synthesis                           *
=========================================================================
Analyzing FSM <MFsm> for best encoding.
Optimizing FSM <FSM_1> on signal <CS[1:2]> with user encoding.
--------------------------
 State        | Encoding
--------------------------
 state_idle   | 00
 state_enable | 01
 state_done   | 10
--------------------------
Analyzing FSM <MFsm> for best encoding.
Optimizing FSM <FSM_0> on signal <CS[1:3]> with gray encoding.
-----------------------------
 State           | Encoding
-----------------------------
 state_idle      | 000
 state_key_enrx  | 001
 state_dflag_on  | 011
 state_no_error  | 010
 state_accept_on | 110
-----------------------------

Optimizing unit <SSC> ...

Mapping all equations...
Building and optimizing final netlist ...
Found area constraint ratio of 100 (+ 5) on block SSC, actual ratio is 0.

Final Macro Processing ...

=========================================================================
Final Register Report

Macro Statistics
# Registers                                            : 18
 Flip-Flops                                            : 18

=========================================================================

=========================================================================
*                           Partition Report                            *
=========================================================================

Partition Implementation Status
-------------------------------

  No Partitions were found in this design.

-------------------------------

=========================================================================
*                            Design Summary                             *
=========================================================================

Top Level Output File Name         : SSC.ngc

Primitive and Black Box Usage:
------------------------------
# BELS                             : 18
#      INV                         : 1
#      LUT2                        : 4
#      LUT3                        : 5
#      LUT4                        : 2
#      LUT5                        : 3
#      LUT6                        : 2
#      VCC                         : 1
# FlipFlops/Latches                : 18
#      FDC                         : 14
#      FDCE                        : 4
# Clock Buffers                    : 2
#      BUFGP                       : 2
# IO Buffers                       : 8
#      IBUF                        : 3
#      OBUF                        : 5

Device utilization summary:
---------------------------

Selected Device : 7a100tcsg324-3 


Slice Logic Utilization: 
 Number of Slice Registers:              13  out of  126800     0%  
 Number of Slice LUTs:                   17  out of  63400     0%  
    Number used as Logic:                17  out of  63400     0%  

Slice Logic Distribution: 
 Number of LUT Flip Flop pairs used:     19
   Number with an unused Flip Flop:       6  out of     19    31%  
   Number with an unused LUT:             2  out of     19    10%  
   Number of fully used LUT-FF pairs:    11  out of     19    57%  
   Number of unique control sets:         6

IO Utilization: 
 Number of IOs:                          10
 Number of bonded IOBs:                  10  out of    210     4%  
    IOB Flip Flops/Latches:               5

Specific Feature Utilization:
 Number of BUFG/BUFGCTRLs:                2  out of     32     6%  

---------------------------
Partition Resource Summary:
---------------------------

  No Partitions were found in this design.

---------------------------


=========================================================================
Timing Report

NOTE: THESE TIMING NUMBERS ARE ONLY A SYNTHESIS ESTIMATE.
      FOR ACCURATE TIMING INFORMATION PLEASE REFER TO THE TRACE REPORT
      GENERATED AFTER PLACE-and-ROUTE.

Clock Information:
------------------
----------------------------------------------------------------+------------------------------------------+-------+
Clock Signal                                                    | Clock buffer(FF name)                    | Load  |
----------------------------------------------------------------+------------------------------------------+-------+
SCLK                                                            | BUFGP                                    | 8     |
SoundControll/setPlay(SoundControll/SoundDecoder/Play1:O)       | NONE(*)(SoundControll/RegisterPlay/Q_0)  | 1     |
SoundControll/setSound(SoundControll/SoundDecoder/setSound1:O)  | NONE(*)(SoundControll/RegisterSound/Q_1) | 2     |
SoundControll/setVolume(SoundControll/SoundDecoder/setVolume1:O)| NONE(*)(SoundControll/RegisterVolume/Q_1)| 2     |
CLK                                                             | BUFGP                                    | 5     |
----------------------------------------------------------------+------------------------------------------+-------+
(*) These 3 clock signal(s) are generated by combinatorial logic,
and XST is not able to identify which are the primary clock signals.
Please use the CLOCK_SIGNAL constraint to specify the clock signal(s) generated by combinatorial logic.
INFO:Xst:2169 - HDL ADVISOR - Some clock signals were not automatically buffered by XST with BUFG/BUFR resources. Please use the buffer_type constraint in order to insert these buffers to the clock signals to help prevent skew problems.

Asynchronous Control Signals Information:
----------------------------------------
No asynchronous control signals found in this design

Timing Summary:
---------------
Speed Grade: -3

   Minimum period: 1.172ns (Maximum Frequency: 852.951MHz)
   Minimum input arrival time before clock: 1.462ns
   Maximum output required time after clock: 0.640ns
   Maximum combinational path delay: No path found

Timing Details:
---------------
All values displayed in nanoseconds (ns)

=========================================================================
Timing constraint: Default period analysis for Clock 'SCLK'
  Clock period: 1.064ns (frequency: 940.115MHz)
  Total number of paths / destination ports: 10 / 7
-------------------------------------------------------------------------
Delay:               1.064ns (Levels of Logic = 1)
  Source:            SerialReceiverSoun/Counter3/RegisterT1/Q_0 (FF)
  Destination:       SerialReceiverSoun/Counter3/RegisterT1/Q_0 (FF)
  Source Clock:      SCLK rising
  Destination Clock: SCLK rising

  Data Path: SerialReceiverSoun/Counter3/RegisterT1/Q_0 to SerialReceiverSoun/Counter3/RegisterT1/Q_0
                                Gate     Net
    Cell:in->out      fanout   Delay   Delay  Logical Name (Net Name)
    ----------------------------------------  ------------
     FDC:C->Q              6   0.361   0.302  SerialReceiverSoun/Counter3/RegisterT1/Q_0 (SerialReceiverSoun/Counter3/RegisterT1/Q_0)
     INV:I->O              1   0.113   0.279  SerialReceiverSoun/Counter3/RegisterT1/Mxor_Q[0]_T[0]_XOR_5_o_xo<0>1_INV_0 (SerialReceiverSoun/Counter3/RegisterT1/Q[0]_T[0]_XOR_5_o)
     FDC:D                     0.008          SerialReceiverSoun/Counter3/RegisterT1/Q_0
    ----------------------------------------
    Total                      1.064ns (0.482ns logic, 0.582ns route)
                                       (45.3% logic, 54.7% route)

=========================================================================
Timing constraint: Default period analysis for Clock 'CLK'
  Clock period: 1.172ns (frequency: 852.951MHz)
  Total number of paths / destination ports: 20 / 5
-------------------------------------------------------------------------
Delay:               1.172ns (Levels of Logic = 1)
  Source:            SoundControll/SoundASM/CS_FSM_FFd2 (FF)
  Destination:       SoundControll/SoundASM/CS_FSM_FFd2 (FF)
  Source Clock:      CLK rising
  Destination Clock: CLK rising

  Data Path: SoundControll/SoundASM/CS_FSM_FFd2 to SoundControll/SoundASM/CS_FSM_FFd2
                                Gate     Net
    Cell:in->out      fanout   Delay   Delay  Logical Name (Net Name)
    ----------------------------------------  ------------
     FDC:C->Q              6   0.361   0.706  SoundControll/SoundASM/CS_FSM_FFd2 (SoundControll/SoundASM/CS_FSM_FFd2)
     LUT5:I0->O            1   0.097   0.000  SoundControll/SoundASM/CS_FSM_FFd2-In1 (SoundControll/SoundASM/CS_FSM_FFd2-In)
     FDC:D                     0.008          SoundControll/SoundASM/CS_FSM_FFd2
    ----------------------------------------
    Total                      1.172ns (0.466ns logic, 0.706ns route)
                                       (39.7% logic, 60.3% route)

=========================================================================
Timing constraint: Default OFFSET IN BEFORE for Clock 'SCLK'
  Total number of paths / destination ports: 6 / 6
-------------------------------------------------------------------------
Offset:              0.685ns (Levels of Logic = 1)
  Source:            RST (PAD)
  Destination:       SerialReceiverSoun/ShiftReg/IQ_3 (FF)
  Destination Clock: SCLK rising

  Data Path: RST to SerialReceiverSoun/ShiftReg/IQ_3
                                Gate     Net
    Cell:in->out      fanout   Delay   Delay  Logical Name (Net Name)
    ----------------------------------------  ------------
     IBUF:I->O            13   0.001   0.335  RST_IBUF (RST_IBUF)
     FDCE:CLR                  0.349          SerialReceiverSoun/ShiftReg/IQ_0
    ----------------------------------------
    Total                      0.685ns (0.350ns logic, 0.335ns route)
                                       (51.1% logic, 48.9% route)

=========================================================================
Timing constraint: Default OFFSET IN BEFORE for Clock 'SoundControll/setSound'
  Total number of paths / destination ports: 2 / 2
-------------------------------------------------------------------------
Offset:              0.685ns (Levels of Logic = 1)
  Source:            RST (PAD)
  Destination:       SoundControll/RegisterSound/Q_1 (FF)
  Destination Clock: SoundControll/setSound rising

  Data Path: RST to SoundControll/RegisterSound/Q_1
                                Gate     Net
    Cell:in->out      fanout   Delay   Delay  Logical Name (Net Name)
    ----------------------------------------  ------------
     IBUF:I->O            13   0.001   0.335  RST_IBUF (RST_IBUF)
     FDC:CLR                   0.349          SoundControll/RegisterSound/Q_0
    ----------------------------------------
    Total                      0.685ns (0.350ns logic, 0.335ns route)
                                       (51.1% logic, 48.9% route)

=========================================================================
Timing constraint: Default OFFSET IN BEFORE for Clock 'SoundControll/setVolume'
  Total number of paths / destination ports: 2 / 2
-------------------------------------------------------------------------
Offset:              0.685ns (Levels of Logic = 1)
  Source:            RST (PAD)
  Destination:       SoundControll/RegisterVolume/Q_1 (FF)
  Destination Clock: SoundControll/setVolume rising

  Data Path: RST to SoundControll/RegisterVolume/Q_1
                                Gate     Net
    Cell:in->out      fanout   Delay   Delay  Logical Name (Net Name)
    ----------------------------------------  ------------
     IBUF:I->O            13   0.001   0.335  RST_IBUF (RST_IBUF)
     FDC:CLR                   0.349          SoundControll/RegisterVolume/Q_0
    ----------------------------------------
    Total                      0.685ns (0.350ns logic, 0.335ns route)
                                       (51.1% logic, 48.9% route)

=========================================================================
Timing constraint: Default OFFSET IN BEFORE for Clock 'CLK'
  Total number of paths / destination ports: 8 / 7
-------------------------------------------------------------------------
Offset:              1.462ns (Levels of Logic = 3)
  Source:            SS (PAD)
  Destination:       SerialReceiverSoun/SerialCtrl/CS_FSM_FFd2 (FF)
  Destination Clock: CLK rising

  Data Path: SS to SerialReceiverSoun/SerialCtrl/CS_FSM_FFd2
                                Gate     Net
    Cell:in->out      fanout   Delay   Delay  Logical Name (Net Name)
    ----------------------------------------  ------------
     IBUF:I->O             3   0.001   0.566  SS_IBUF (SS_IBUF)
     LUT4:I0->O            1   0.097   0.693  SerialReceiverSoun/SerialCtrl/CS_FSM_FFd2-In_SW0_SW0 (N4)
     LUT6:I0->O            1   0.097   0.000  SerialReceiverSoun/SerialCtrl/CS_FSM_FFd2-In (SerialReceiverSoun/SerialCtrl/CS_FSM_FFd2-In)
     FDC:D                     0.008          SerialReceiverSoun/SerialCtrl/CS_FSM_FFd2
    ----------------------------------------
    Total                      1.462ns (0.203ns logic, 1.259ns route)
                                       (13.9% logic, 86.1% route)

=========================================================================
Timing constraint: Default OFFSET OUT AFTER for Clock 'SoundControll/setSound'
  Total number of paths / destination ports: 2 / 2
-------------------------------------------------------------------------
Offset:              0.640ns (Levels of Logic = 1)
  Source:            SoundControll/RegisterSound/Q_1 (FF)
  Destination:       sid<1> (PAD)
  Source Clock:      SoundControll/setSound rising

  Data Path: SoundControll/RegisterSound/Q_1 to sid<1>
                                Gate     Net
    Cell:in->out      fanout   Delay   Delay  Logical Name (Net Name)
    ----------------------------------------  ------------
     FDC:C->Q              1   0.361   0.279  SoundControll/RegisterSound/Q_1 (SoundControll/RegisterSound/Q_1)
     OBUF:I->O                 0.000          sid_1_OBUF (sid<1>)
    ----------------------------------------
    Total                      0.640ns (0.361ns logic, 0.279ns route)
                                       (56.4% logic, 43.6% route)

=========================================================================
Timing constraint: Default OFFSET OUT AFTER for Clock 'SoundControll/setVolume'
  Total number of paths / destination ports: 2 / 2
-------------------------------------------------------------------------
Offset:              0.640ns (Levels of Logic = 1)
  Source:            SoundControll/RegisterVolume/Q_1 (FF)
  Destination:       vol<1> (PAD)
  Source Clock:      SoundControll/setVolume rising

  Data Path: SoundControll/RegisterVolume/Q_1 to vol<1>
                                Gate     Net
    Cell:in->out      fanout   Delay   Delay  Logical Name (Net Name)
    ----------------------------------------  ------------
     FDC:C->Q              1   0.361   0.279  SoundControll/RegisterVolume/Q_1 (SoundControll/RegisterVolume/Q_1)
     OBUF:I->O                 0.000          vol_1_OBUF (vol<1>)
    ----------------------------------------
    Total                      0.640ns (0.361ns logic, 0.279ns route)
                                       (56.4% logic, 43.6% route)

=========================================================================
Timing constraint: Default OFFSET OUT AFTER for Clock 'SoundControll/setPlay'
  Total number of paths / destination ports: 1 / 1
-------------------------------------------------------------------------
Offset:              0.640ns (Levels of Logic = 1)
  Source:            SoundControll/RegisterPlay/Q_0 (FF)
  Destination:       Play (PAD)
  Source Clock:      SoundControll/setPlay rising

  Data Path: SoundControll/RegisterPlay/Q_0 to Play
                                Gate     Net
    Cell:in->out      fanout   Delay   Delay  Logical Name (Net Name)
    ----------------------------------------  ------------
     FDC:C->Q              1   0.361   0.279  SoundControll/RegisterPlay/Q_0 (SoundControll/RegisterPlay/Q_0)
     OBUF:I->O                 0.000          Play_OBUF (Play)
    ----------------------------------------
    Total                      0.640ns (0.361ns logic, 0.279ns route)
                                       (56.4% logic, 43.6% route)

=========================================================================

Cross Clock Domains Report:
--------------------------

Clock to Setup on destination clock CLK
---------------+---------+---------+---------+---------+
               | Src:Rise| Src:Fall| Src:Rise| Src:Fall|
Source Clock   |Dest:Rise|Dest:Rise|Dest:Fall|Dest:Fall|
---------------+---------+---------+---------+---------+
CLK            |    1.172|         |         |         |
SCLK           |    1.944|         |         |         |
---------------+---------+---------+---------+---------+

Clock to Setup on destination clock SCLK
---------------+---------+---------+---------+---------+
               | Src:Rise| Src:Fall| Src:Rise| Src:Fall|
Source Clock   |Dest:Rise|Dest:Rise|Dest:Fall|Dest:Fall|
---------------+---------+---------+---------+---------+
CLK            |    1.508|         |         |         |
SCLK           |    1.064|         |         |         |
---------------+---------+---------+---------+---------+

Clock to Setup on destination clock SoundControll/setPlay
---------------+---------+---------+---------+---------+
               | Src:Rise| Src:Fall| Src:Rise| Src:Fall|
Source Clock   |Dest:Rise|Dest:Rise|Dest:Fall|Dest:Fall|
---------------+---------+---------+---------+---------+
CLK            |    1.621|         |         |         |
SCLK           |    1.480|         |         |         |
---------------+---------+---------+---------+---------+

Clock to Setup on destination clock SoundControll/setSound
---------------+---------+---------+---------+---------+
               | Src:Rise| Src:Fall| Src:Rise| Src:Fall|
Source Clock   |Dest:Rise|Dest:Rise|Dest:Fall|Dest:Fall|
---------------+---------+---------+---------+---------+
SCLK           |    0.658|         |         |         |
---------------+---------+---------+---------+---------+

Clock to Setup on destination clock SoundControll/setVolume
---------------+---------+---------+---------+---------+
               | Src:Rise| Src:Fall| Src:Rise| Src:Fall|
Source Clock   |Dest:Rise|Dest:Rise|Dest:Fall|Dest:Fall|
---------------+---------+---------+---------+---------+
SCLK           |    0.658|         |         |         |
---------------+---------+---------+---------+---------+

=========================================================================


Total REAL time to Xst completion: 10.00 secs
Total CPU time to Xst completion: 10.02 secs
 
--> 

Total memory usage is 4625824 kilobytes

Number of errors   :    0 (   0 filtered)
Number of warnings :    3 (   0 filtered)
Number of infos    :    1 (   0 filtered)

