#-----------------------------------------------------------
# PlanAhead v14.7 (64-bit)
# Build 321239 by xbuild on Fri Sep 27 19:29:51 MDT 2013
# Start of session at: Wed Jun 03 20:51:17 2020
# Process ID: 11236
# Log file: C:/Users/tiago/OneDrive/Documentos/Universidade/LIC/SpaceInvader/VHDL/planAhead_run_1/planAhead.log
# Journal file: C:/Users/tiago/OneDrive/Documentos/Universidade/LIC/SpaceInvader/VHDL/planAhead_run_1/planAhead.jou
#-----------------------------------------------------------
INFO: [Common 17-78] Attempting to get a license: PlanAhead
INFO: [Common 17-290] Got license for PlanAhead
INFO: [Device 21-36] Loading parts and site information from C:/Xilinx/14.7/ISE_DS/PlanAhead/data/parts/arch.xml
Parsing RTL primitives file [C:/Xilinx/14.7/ISE_DS/PlanAhead/data/parts/xilinx/rtl/prims/rtl_prims.xml]
Finished parsing RTL primitives file [C:/Xilinx/14.7/ISE_DS/PlanAhead/data/parts/xilinx/rtl/prims/rtl_prims.xml]
start_gui
source C:/Users/tiago/OneDrive/Documentos/Universidade/LIC/SpaceInvader/VHDL/pa.fromNetlist.tcl
# create_project -name SpaceInvaders -dir "C:/Users/tiago/OneDrive/Documentos/Universidade/LIC/SpaceInvader/VHDL/planAhead_run_1" -part xc7a100tcsg324-3
# set_property design_mode GateLvl [get_property srcset [current_run -impl]]
# set_property edif_top_file "C:/Users/tiago/OneDrive/Documentos/Universidade/LIC/SpaceInvader/VHDL/SerialReceiver.ngc" [ get_property srcset [ current_run ] ]
# add_files -norecurse { {C:/Users/tiago/OneDrive/Documentos/Universidade/LIC/SpaceInvader/VHDL} }
# set_property target_constrs_file "uLICX_v17.1.ucf" [current_fileset -constrset]
Adding file 'C:/Users/tiago/OneDrive/Documentos/Universidade/LIC/SpaceInvader/VHDL/uLICX_v17.1.ucf' to fileset 'constrs_1'
INFO: [Common 17-41] Interrupt caught. Command should exit soon.
INFO: [Common 17-344] 'get_property' was cancelled
INFO: [Common 17-344] 'source' was cancelled
exit
ERROR: [PlanAhead 12-106] *** Exception: ui.h.b: Found deleted key in HTclEventBroker. Verify if the classes listed here call cleanup()
HTclEvent: SIGNAL_BUS_MODIFY   Classes: ui.views.aR 
HTclEvent: SIGNAL_MODIFY   Classes: ui.views.aR 
HTclEvent: DEBUG_PORT_CONFIG_CHANGE   Classes: ui.views.aR 
HTclEvent: DEBUG_CORE_CONFIG_CHANGE   Classes: ui.views.aR 
 (See C:/Users/tiago/OneDrive/Documentos/Universidade/LIC/SpaceInvader/VHDL\planAhead_pid11236.debug)
ERROR: [Common 17-39] 'stop_gui' failed due to earlier errors.
INFO: [Common 17-206] Exiting PlanAhead at Wed Jun 03 20:51:38 2020...
INFO: [Common 17-83] Releasing license: PlanAhead
