Command line:
   ShiftRegister_isim_beh.exe
     -simmode  gui
     -simrunnum  0
     -socket  54386

Sun May 31 20:43:20 2020


 Elaboration Time: 0.046875 sec

 Current Memory Usage: 5159.64 Meg

 Total Signals          : 6
 Total Nets             : 8
 Total Signal Drivers   : 2
 Total Blocks           : 2
 Total Primitive Blocks : 2
 Total Processes        : 2
 Total Traceable Variables  : 9
 Total Scalar Nets and Variables : 369
Total Line Count : 4

 Total Simulation Time: 0.171875 sec

 Current Memory Usage: 5002.35 Meg

Sun May 31 20:44:36 2020

